<?xml version="1.0" encoding="UTF-8"?>
<testsuite name="com.acn.reading.service.BookServiceTest" tests="2" skipped="0" failures="0" errors="0" timestamp="2017-10-13T06:52:09" hostname="HFSR-73103C7-LX" time="0.009">
  <properties/>
  <testcase name="testReliable_ReturnsFallbackList" classname="com.acn.reading.service.BookServiceTest" time="0.005"/>
  <testcase name="testReadingList_SuccessReturnsOriginalList" classname="com.acn.reading.service.BookServiceTest" time="0.003"/>
  <system-out><![CDATA[2017-10-13 14:52:08.717  INFO 11632 --- [    Test worker] .b.t.c.SpringBootTestContextBootstrapper : Neither @ContextConfiguration nor @ContextHierarchy found for test class [com.acn.reading.service.BookServiceTest], using SpringBootContextLoader
2017-10-13 14:52:08.717  INFO 11632 --- [    Test worker] o.s.t.c.support.AbstractContextLoader    : Could not detect default resource locations for test class [com.acn.reading.service.BookServiceTest]: no resource found for suffixes {-context.xml, Context.groovy}.
2017-10-13 14:52:08.717  INFO 11632 --- [    Test worker] t.c.s.AnnotationConfigContextLoaderUtils : Could not detect default configuration classes for test class [com.acn.reading.service.BookServiceTest]: BookServiceTest does not declare any static, non-private, non-final, nested classes annotated with @Configuration.
2017-10-13 14:52:08.795  INFO 11632 --- [    Test worker] .b.t.c.SpringBootTestContextBootstrapper : Found @SpringBootConfiguration com.acn.reading.ReadingApp for test class com.acn.reading.service.BookServiceTest
2017-10-13 14:52:08.795  INFO 11632 --- [    Test worker] .b.t.c.SpringBootTestContextBootstrapper : Loaded default TestExecutionListener class names from location [META-INF/spring.factories]: [org.springframework.boot.test.autoconfigure.restdocs.RestDocsTestExecutionListener, org.springframework.boot.test.autoconfigure.web.client.MockRestServiceServerResetTestExecutionListener, org.springframework.boot.test.autoconfigure.web.servlet.MockMvcPrintOnlyOnFailureTestExecutionListener, org.springframework.boot.test.autoconfigure.web.servlet.WebDriverTestExecutionListener, org.springframework.boot.test.mock.mockito.MockitoTestExecutionListener, org.springframework.boot.test.mock.mockito.ResetMocksTestExecutionListener, org.springframework.test.context.web.ServletTestExecutionListener, org.springframework.test.context.support.DirtiesContextBeforeModesTestExecutionListener, org.springframework.test.context.support.DependencyInjectionTestExecutionListener, org.springframework.test.context.support.DirtiesContextTestExecutionListener, org.springframework.test.context.transaction.TransactionalTestExecutionListener, org.springframework.test.context.jdbc.SqlScriptsTestExecutionListener]
2017-10-13 14:52:08.811  INFO 11632 --- [    Test worker] .b.t.c.SpringBootTestContextBootstrapper : Could not instantiate TestExecutionListener [org.springframework.test.context.jdbc.SqlScriptsTestExecutionListener]. Specify custom listener classes or make the default listener classes (and their required dependencies) available. Offending class: [org/springframework/transaction/interceptor/TransactionAttribute]
2017-10-13 14:52:08.811  INFO 11632 --- [    Test worker] .b.t.c.SpringBootTestContextBootstrapper : Could not instantiate TestExecutionListener [org.springframework.test.context.transaction.TransactionalTestExecutionListener]. Specify custom listener classes or make the default listener classes (and their required dependencies) available. Offending class: [org/springframework/transaction/interceptor/TransactionAttributeSource]
2017-10-13 14:52:08.811  INFO 11632 --- [    Test worker] .b.t.c.SpringBootTestContextBootstrapper : Using TestExecutionListeners: [org.springframework.test.context.web.ServletTestExecutionListener@6a10865c, org.springframework.test.context.support.DirtiesContextBeforeModesTestExecutionListener@383e949c, org.springframework.boot.test.autoconfigure.SpringBootDependencyInjectionTestExecutionListener@22da1a81, org.springframework.test.context.support.DirtiesContextTestExecutionListener@5b00bb1d, org.springframework.boot.test.mock.mockito.ResetMocksTestExecutionListener@35ccf447, org.springframework.boot.test.autoconfigure.web.client.MockRestServiceServerResetTestExecutionListener@799a0c16, org.springframework.boot.test.autoconfigure.web.servlet.MockMvcPrintOnlyOnFailureTestExecutionListener@be61fb6, org.springframework.boot.test.autoconfigure.restdocs.RestDocsTestExecutionListener@55609584, org.springframework.boot.test.mock.mockito.MockitoTestExecutionListener@7dc3da3, org.springframework.boot.test.autoconfigure.web.servlet.WebDriverTestExecutionListener@2e8f6bf2]
2017-10-13 14:52:09.139  INFO 11632 --- [    Test worker] s.c.a.AnnotationConfigApplicationContext : Refreshing org.springframework.context.annotation.AnnotationConfigApplicationContext@3da36aa4: startup date [Fri Oct 13 14:52:09 CST 2017]; root of context hierarchy
2017-10-13 14:52:09.217  INFO 11632 --- [    Test worker] trationDelegate$BeanPostProcessorChecker : Bean 'configurationPropertiesRebinderAutoConfiguration' of type [org.springframework.cloud.autoconfigure.ConfigurationPropertiesRebinderAutoConfiguration$$EnhancerBySpringCGLIB$$6b3f481d] is not eligible for getting processed by all BeanPostProcessors (for example: not eligible for auto-proxying)

  .   ____          _            __ _ _
 /\\ / ___'_ __ _ _(_)_ __  __ _ \ \ \ \
( ( )\___ | '_ | '_| | '_ \/ _` | \ \ \ \
 \\/  ___)| |_)| | | | | || (_| |  ) ) ) )
  '  |____| .__|_| |_|_| |_\__, | / / / /
 =========|_|==============|___/=/_/_/_/
 :: Spring Boot ::        (v1.5.2.RELEASE)

2017-10-13 14:52:09.530  INFO 11632 --- [    Test worker] com.acn.reading.service.BookServiceTest  : No active profile set, falling back to default profiles: default
2017-10-13 14:52:09.545  INFO 11632 --- [    Test worker] s.c.a.AnnotationConfigApplicationContext : Refreshing org.springframework.context.annotation.AnnotationConfigApplicationContext@277d54fa: startup date [Fri Oct 13 14:52:09 CST 2017]; parent: org.springframework.context.annotation.AnnotationConfigApplicationContext@3da36aa4
2017-10-13 14:52:09.936  INFO 11632 --- [    Test worker] com.acn.reading.service.BookServiceTest  : Started BookServiceTest in 1.109 seconds (JVM running for 8.989)
]]></system-out>
  <system-err><![CDATA[]]></system-err>
</testsuite>
